<?xml version="1.0" encoding="UTF-8"?>
<testsuite xmlns:xsi="http://www.w3.org/2001/XMLSchema-instance" xsi:noNamespaceSchemaLocation="https://maven.apache.org/surefire/maven-surefire-plugin/xsd/surefire-test-report.xsd" version="3.0.2" name="com.example.demo.DemoApplicationTests" time="7.368" tests="1" errors="0" skipped="0" failures="0">
  <properties>
[...]
</properties>
  <testcase name="contextLoads" classname="com.example.demo.DemoApplicationTests" time="1.563">
    <system-out><![CDATA[17:22:40.531 [main] INFO org.springframework.test.context.support.AnnotationConfigContextLoaderUtils -- Could not detect default configuration classes for test class [com.example.demo.DemoApplicationTests]: DemoApplicationTests does not declare any static, non-private, non-final, nested classes annotated with @Configuration.
17:22:40.812 [main] INFO org.springframework.boot.test.context.SpringBootTestContextBootstrapper -- Found @SpringBootConfiguration com.example.demo.DemoApplication for test class com.example.demo.DemoApplicationTests
17:22:41.207 [main] INFO org.springframework.boot.devtools.restart.RestartApplicationListener -- Restart disabled due to context in which it is running

  .   ____          _            __ _ _
 /\\ / ___'_ __ _ _(_)_ __  __ _ \ \ \ \
( ( )\___ | '_ | '_| | '_ \/ _` | \ \ \ \
 \\/  ___)| |_)| | | | | || (_| |  ) ) ) )
  '  |____| .__|_| |_|_| |_\__, | / / / /
 =========|_|==============|___/=/_/_/_/

 :: Spring Boot ::               (v3.4.12)

2025-12-01T17:22:41.932+05:30  INFO 8284 --- [demo] [           main] com.example.demo.DemoApplicationTests    : Starting DemoApplicationTests using Java 23 with PID 8284 (started by USER in C:\Users\USER\Downloads\demo)
2025-12-01T17:22:41.935+05:30  INFO 8284 --- [demo] [           main] com.example.demo.DemoApplicationTests    : No active profile set, falling back to 1 default profile: "default"
2025-12-01T17:22:44.644+05:30  INFO 8284 --- [demo] [           main] com.example.demo.DemoApplicationTests    : Started DemoApplicationTests in 3.474 seconds (process running for 5.933)
Step 1: Calling Generate Webhook API...
Access Token: eyJhbGciOiJIUzI1NiJ9.eyJyZWdObyI6IjIyQklUMDY3MyIsIm5hbWUiOiJTYXJhdmFuYW1vb3J0aHkgTSIsImVtYWlsIjoic2FyYXZhbmFtb29ydGh5Lm0yMDIyQHZpdHN0dWRlbnQuYWMuaW4iLCJzdWIiOiJ3ZWJob29rLXVzZXIiLCJpYXQiOjE3NjQ1ODk5NjYsImV4cCI6MTc2NDU5MDg2Nn0.NoEgN_nI6NXEMtNlZYWGeWpXcz5XkavuToYKLE0Tlyo
Final SQL query:
SELECT 
    d.DEPARTMENT_NAME,
    t.max_salary AS SALARY,
    CONCAT(e.FIRST_NAME, ' ', e.LAST_NAME) AS EMPLOYEE_NAME,
    TIMESTAMPDIFF(YEAR, e.DOB, CURDATE()) AS AGE
FROM (
    SELECT emp_id, MAX(AMOUNT) AS max_salary
    FROM PAYMENTS
    WHERE DAY(PAYMENT_TIME) != 1
    GROUP BY emp_id
) t
JOIN EMPLOYEE e ON e.EMP_ID = t.emp_id
JOIN DEPARTMENT d ON d.DEPARTMENT_ID = e.DEPARTMENT
JOIN (
    SELECT e.DEPARTMENT, MAX(p.AMOUNT) AS dep_max
    FROM PAYMENTS p
    JOIN EMPLOYEE e ON p.EMP_ID = e.EMP_ID
    WHERE DAY(p.PAYMENT_TIME) != 1
    GROUP BY e.DEPARTMENT
) mx ON mx.DEPARTMENT = e.DEPARTMENT AND mx.dep_max = t.max_salary;
Submission response: 200 OK
Body: {"success":true,"message":"Webhook processed successfully"}
]]></system-out>
    <system-err><![CDATA[Mockito is currently self-attaching to enable the inline-mock-maker. This will no longer work in future releases of the JDK. Please add Mockito as an agent to your build what is described in Mockito's documentation: https://javadoc.io/doc/org.mockito/mockito-core/latest/org/mockito/Mockito.html#0.3
WARNING: A Java agent has been loaded dynamically (C:\Users\USER\.m2\repository\net\bytebuddy\byte-buddy-agent\1.15.11\byte-buddy-agent-1.15.11.jar)
WARNING: If a serviceability tool is in use, please run with -XX:+EnableDynamicAgentLoading to hide this warning
WARNING: If a serviceability tool is not in use, please run with -Djdk.instrument.traceUsage for more information
WARNING: Dynamic loading of agents will be disallowed by default in a future release
]]></system-err>
  </testcase>
</testsuite>